<?xml version="1.0" encoding="UTF-8"?>
<coverage generated="1785176027680" clover="3.2.0">
  <project timestamp="1785176027680" name="All files">
    <metrics statements="117" coveredstatements="96" conditionals="26" coveredconditionals="18" methods="26" coveredmethods="19" elements="169" coveredelements="133" complexity="0" loc="117" ncloc="117" packages="8" files="9" classes="9"/>
    <package name="controllers">
      <metrics statements="21" coveredstatements="21" conditionals="2" coveredconditionals="2" methods="4" coveredmethods="4"/>
      <file name="AuthController.ts" path="/Users/mayanksoni/Projects/gkmart/website/backend/src/controllers/AuthController.ts">
        <metrics statements="21" coveredstatements="21" conditionals="2" coveredconditionals="2" methods="4" coveredmethods="4"/>
        <line num="2" count="1" type="stmt"/>
        <line num="3" count="1" type="stmt"/>
        <line num="12" count="23" type="stmt"/>
        <line num="14" count="23" type="stmt"/>
        <line num="15" count="23" type="cond" truecount="1" falsecount="0"/>
        <line num="16" count="6" type="stmt"/>
        <line num="17" count="5" type="stmt"/>
        <line num="22" count="5" type="stmt"/>
        <line num="26" count="18" type="stmt"/>
        <line num="28" count="16" type="stmt"/>
        <line num="34" count="2" type="stmt"/>
        <line num="39" count="13" type="stmt"/>
        <line num="41" count="13" type="stmt"/>
        <line num="42" count="13" type="cond" truecount="1" falsecount="0"/>
        <line num="43" count="2" type="stmt"/>
        <line num="44" count="2" type="stmt"/>
        <line num="49" count="2" type="stmt"/>
        <line num="53" count="11" type="stmt"/>
        <line num="55" count="7" type="stmt"/>
        <line num="61" count="4" type="stmt"/>
        <line num="66" count="1" type="stmt"/>
      </file>
    </package>
    <package name="lib">
      <metrics statements="20" coveredstatements="14" conditionals="6" coveredconditionals="4" methods="4" coveredmethods="3"/>
      <file name="jwt.ts" path="/Users/mayanksoni/Projects/gkmart/website/backend/src/lib/jwt.ts">
        <metrics statements="13" coveredstatements="7" conditionals="6" coveredconditionals="4" methods="2" coveredmethods="1"/>
        <line num="1" count="1" type="stmt"/>
        <line num="10" count="1" type="stmt"/>
        <line num="11" count="23" type="cond" truecount="2" falsecount="0"/>
        <line num="12" count="23" type="cond" truecount="2" falsecount="0"/>
        <line num="14" count="23" type="stmt"/>
        <line num="21" count="1" type="stmt"/>
        <line num="22" count="0" type="stmt"/>
        <line num="23" count="0" type="cond" truecount="0" falsecount="2"/>
        <line num="24" count="0" type="stmt"/>
        <line num="25" count="0" type="stmt"/>
        <line num="27" count="0" type="stmt"/>
        <line num="28" count="0" type="stmt"/>
        <line num="32" count="1" type="stmt"/>
      </file>
      <file name="password.ts" path="/Users/mayanksoni/Projects/gkmart/website/backend/src/lib/password.ts">
        <metrics statements="7" coveredstatements="7" conditionals="0" coveredconditionals="0" methods="2" coveredmethods="2"/>
        <line num="1" count="1" type="stmt"/>
        <line num="3" count="1" type="stmt"/>
        <line num="5" count="1" type="stmt"/>
        <line num="6" count="16" type="stmt"/>
        <line num="9" count="1" type="stmt"/>
        <line num="10" count="9" type="stmt"/>
        <line num="13" count="1" type="stmt"/>
      </file>
    </package>
    <package name="middleware">
      <metrics statements="19" coveredstatements="10" conditionals="13" coveredconditionals="7" methods="2" coveredmethods="1"/>
      <file name="errorHandler.ts" path="/Users/mayanksoni/Projects/gkmart/website/backend/src/middleware/errorHandler.ts">
        <metrics statements="19" coveredstatements="10" conditionals="13" coveredconditionals="7" methods="2" coveredmethods="1"/>
        <line num="7" count="1" type="stmt"/>
        <line num="8" count="6" type="cond" truecount="2" falsecount="0"/>
        <line num="9" count="6" type="cond" truecount="1" falsecount="1"/>
        <line num="12" count="6" type="cond" truecount="3" falsecount="0"/>
        <line num="13" count="2" type="stmt"/>
        <line num="17" count="2" type="stmt"/>
        <line num="20" count="4" type="cond" truecount="1" falsecount="0"/>
        <line num="21" count="4" type="stmt"/>
        <line num="25" count="4" type="stmt"/>
        <line num="29" count="0" type="cond" truecount="0" falsecount="4"/>
        <line num="30" count="0" type="stmt"/>
        <line num="31" count="0" type="stmt"/>
        <line num="35" count="0" type="stmt"/>
        <line num="39" count="0" type="cond" truecount="0" falsecount="1"/>
        <line num="40" count="0" type="stmt"/>
        <line num="41" count="0" type="stmt"/>
        <line num="46" count="0" type="stmt"/>
        <line num="50" count="0" type="stmt"/>
        <line num="56" count="1" type="stmt"/>
      </file>
    </package>
    <package name="models">
      <metrics statements="4" coveredstatements="4" conditionals="0" coveredconditionals="0" methods="0" coveredmethods="0"/>
      <file name="User.ts" path="/Users/mayanksoni/Projects/gkmart/website/backend/src/models/User.ts">
        <metrics statements="4" coveredstatements="4" conditionals="0" coveredconditionals="0" methods="0" coveredmethods="0"/>
        <line num="1" count="1" type="stmt"/>
        <line num="12" count="1" type="stmt"/>
        <line num="44" count="1" type="stmt"/>
        <line num="46" count="1" type="stmt"/>
      </file>
    </package>
    <package name="repositories">
      <metrics statements="14" coveredstatements="8" conditionals="0" coveredconditionals="0" methods="10" coveredmethods="5"/>
      <file name="UserRepository.ts" path="/Users/mayanksoni/Projects/gkmart/website/backend/src/repositories/UserRepository.ts">
        <metrics statements="14" coveredstatements="8" conditionals="0" coveredconditionals="0" methods="10" coveredmethods="5"/>
        <line num="1" count="1" type="stmt"/>
        <line num="5" count="16" type="stmt"/>
        <line num="6" count="16" type="stmt"/>
        <line num="10" count="18" type="stmt"/>
        <line num="14" count="17" type="stmt"/>
        <line num="18" count="0" type="stmt"/>
        <line num="22" count="0" type="stmt"/>
        <line num="28" count="0" type="stmt"/>
        <line num="32" count="11" type="stmt"/>
        <line num="36" count="4" type="stmt"/>
        <line num="40" count="0" type="stmt"/>
        <line num="47" count="0" type="stmt"/>
        <line num="48" count="0" type="stmt"/>
        <line num="52" count="1" type="stmt"/>
      </file>
    </package>
    <package name="routes">
      <metrics statements="6" coveredstatements="6" conditionals="0" coveredconditionals="0" methods="2" coveredmethods="2"/>
      <file name="auth.ts" path="/Users/mayanksoni/Projects/gkmart/website/backend/src/routes/auth.ts">
        <metrics statements="6" coveredstatements="6" conditionals="0" coveredconditionals="0" methods="2" coveredmethods="2"/>
        <line num="1" count="1" type="stmt"/>
        <line num="2" count="1" type="stmt"/>
        <line num="4" count="1" type="stmt"/>
        <line num="7" count="23" type="stmt"/>
        <line num="8" count="13" type="stmt"/>
        <line num="10" count="1" type="stmt"/>
      </file>
    </package>
    <package name="services">
      <metrics statements="25" coveredstatements="25" conditionals="5" coveredconditionals="5" methods="2" coveredmethods="2"/>
      <file name="AuthService.ts" path="/Users/mayanksoni/Projects/gkmart/website/backend/src/services/AuthService.ts">
        <metrics statements="25" coveredstatements="25" conditionals="5" coveredconditionals="5" methods="2" coveredmethods="2"/>
        <line num="1" count="1" type="stmt"/>
        <line num="2" count="1" type="stmt"/>
        <line num="3" count="1" type="stmt"/>
        <line num="31" count="18" type="stmt"/>
        <line num="32" count="18" type="cond" truecount="1" falsecount="0"/>
        <line num="33" count="1" type="stmt"/>
        <line num="37" count="17" type="stmt"/>
        <line num="38" count="17" type="cond" truecount="1" falsecount="0"/>
        <line num="39" count="1" type="stmt"/>
        <line num="43" count="16" type="stmt"/>
        <line num="46" count="16" type="stmt"/>
        <line num="54" count="16" type="stmt"/>
        <line num="57" count="16" type="stmt"/>
        <line num="69" count="11" type="stmt"/>
        <line num="72" count="11" type="stmt"/>
        <line num="73" count="11" type="cond" truecount="1" falsecount="0"/>
        <line num="74" count="4" type="stmt"/>
        <line num="77" count="11" type="cond" truecount="1" falsecount="0"/>
        <line num="78" count="2" type="stmt"/>
        <line num="82" count="9" type="stmt"/>
        <line num="83" count="9" type="cond" truecount="1" falsecount="0"/>
        <line num="84" count="2" type="stmt"/>
        <line num="88" count="7" type="stmt"/>
        <line num="91" count="7" type="stmt"/>
        <line num="103" count="1" type="stmt"/>
      </file>
    </package>
    <package name="validators">
      <metrics statements="8" coveredstatements="8" conditionals="0" coveredconditionals="0" methods="2" coveredmethods="2"/>
      <file name="auth.ts" path="/Users/mayanksoni/Projects/gkmart/website/backend/src/validators/auth.ts">
        <metrics statements="8" coveredstatements="8" conditionals="0" coveredconditionals="0" methods="2" coveredmethods="2"/>
        <line num="1" count="1" type="stmt"/>
        <line num="3" count="1" type="stmt"/>
        <line num="40" count="1" type="stmt"/>
        <line num="53" count="1" type="stmt"/>
        <line num="54" count="23" type="stmt"/>
        <line num="57" count="1" type="stmt"/>
        <line num="58" count="13" type="stmt"/>
        <line num="61" count="1" type="stmt"/>
      </file>
    </package>
  </project>
</coverage>
