{"/Users/mayanksoni/Projects/gkmart/website/backend/src/controllers/AuthController.ts": {"path":"/Users/mayanksoni/Projects/gkmart/website/backend/src/controllers/AuthController.ts","statementMap":{"0":{"start":{"line":2,"column":0},"end":{"line":2,"column":53}},"1":{"start":{"line":3,"column":0},"end":{"line":3,"column":70}},"2":{"start":{"line":12,"column":4},"end":{"line":35,"column":5}},"3":{"start":{"line":14,"column":31},"end":{"line":14,"column":55}},"4":{"start":{"line":15,"column":6},"end":{"line":23,"column":7}},"5":{"start":{"line":16,"column":25},"end":{"line":16,"column":70}},"6":{"start":{"line":16,"column":55},"end":{"line":16,"column":69}},"7":{"start":{"line":17,"column":8},"end":{"line":21,"column":11}},"8":{"start":{"line":22,"column":8},"end":{"line":22,"column":15}},"9":{"start":{"line":26,"column":21},"end":{"line":26,"column":52}},"10":{"start":{"line":28,"column":6},"end":{"line":32,"column":9}},"11":{"start":{"line":34,"column":6},"end":{"line":34,"column":18}},"12":{"start":{"line":39,"column":4},"end":{"line":62,"column":5}},"13":{"start":{"line":41,"column":31},"end":{"line":41,"column":54}},"14":{"start":{"line":42,"column":6},"end":{"line":50,"column":7}},"15":{"start":{"line":43,"column":25},"end":{"line":43,"column":70}},"16":{"start":{"line":43,"column":55},"end":{"line":43,"column":69}},"17":{"start":{"line":44,"column":8},"end":{"line":48,"column":11}},"18":{"start":{"line":49,"column":8},"end":{"line":49,"column":15}},"19":{"start":{"line":53,"column":21},"end":{"line":53,"column":51}},"20":{"start":{"line":55,"column":6},"end":{"line":59,"column":9}},"21":{"start":{"line":61,"column":6},"end":{"line":61,"column":18}},"22":{"start":{"line":66,"column":0},"end":{"line":66,"column":36}}},"fnMap":{"0":{"name":"(anonymous_1)","decl":{"start":{"line":11,"column":2},"end":{"line":11,"column":7}},"loc":{"start":{"line":11,"column":68},"end":{"line":36,"column":3}}},"1":{"name":"(anonymous_2)","decl":{"start":{"line":16,"column":43},"end":{"line":16,"column":44}},"loc":{"start":{"line":16,"column":55},"end":{"line":16,"column":69}}},"2":{"name":"(anonymous_3)","decl":{"start":{"line":38,"column":2},"end":{"line":38,"column":7}},"loc":{"start":{"line":38,"column":67},"end":{"line":63,"column":3}}},"3":{"name":"(anonymous_4)","decl":{"start":{"line":43,"column":43},"end":{"line":43,"column":44}},"loc":{"start":{"line":43,"column":55},"end":{"line":43,"column":69}}}},"branchMap":{"0":{"loc":{"start":{"line":15,"column":6},"end":{"line":23,"column":7}},"type":"if","locations":[{"start":{"line":15,"column":6},"end":{"line":23,"column":7}}]},"1":{"loc":{"start":{"line":42,"column":6},"end":{"line":50,"column":7}},"type":"if","locations":[{"start":{"line":42,"column":6},"end":{"line":50,"column":7}}]}},"s":{"0":1,"1":1,"2":23,"3":23,"4":23,"5":5,"6":6,"7":5,"8":5,"9":18,"10":16,"11":2,"12":13,"13":13,"14":13,"15":2,"16":2,"17":2,"18":2,"19":11,"20":7,"21":4,"22":1},"f":{"0":23,"1":6,"2":13,"3":2},"b":{"0":[5],"1":[2]}}
,"/Users/mayanksoni/Projects/gkmart/website/backend/src/lib/jwt.ts": {"path":"/Users/mayanksoni/Projects/gkmart/website/backend/src/lib/jwt.ts","statementMap":{"0":{"start":{"line":1,"column":0},"end":{"line":1,"column":31}},"1":{"start":{"line":10,"column":22},"end":{"line":19,"column":1}},"2":{"start":{"line":11,"column":17},"end":{"line":11,"column":60}},"3":{"start":{"line":12,"column":20},"end":{"line":12,"column":57}},"4":{"start":{"line":14,"column":2},"end":{"line":18,"column":4}},"5":{"start":{"line":32,"column":9},"end":{"line":32,"column":22}},"6":{"start":{"line":21,"column":20},"end":{"line":30,"column":1}},"7":{"start":{"line":22,"column":2},"end":{"line":29,"column":3}},"8":{"start":{"line":23,"column":19},"end":{"line":23,"column":62}},"9":{"start":{"line":24,"column":20},"end":{"line":24,"column":61}},"10":{"start":{"line":25,"column":4},"end":{"line":25,"column":19}},"11":{"start":{"line":27,"column":4},"end":{"line":27,"column":55}},"12":{"start":{"line":28,"column":4},"end":{"line":28,"column":16}},"13":{"start":{"line":32,"column":24},"end":{"line":32,"column":35}}},"fnMap":{"0":{"name":"(anonymous_1)","decl":{"start":{"line":10,"column":22},"end":{"line":10,"column":23}},"loc":{"start":{"line":10,"column":64},"end":{"line":19,"column":1}}},"1":{"name":"(anonymous_2)","decl":{"start":{"line":21,"column":20},"end":{"line":21,"column":21}},"loc":{"start":{"line":21,"column":59},"end":{"line":30,"column":1}}}},"branchMap":{"0":{"loc":{"start":{"line":11,"column":17},"end":{"line":11,"column":60}},"type":"binary-expr","locations":[{"start":{"line":11,"column":17},"end":{"line":11,"column":39}},{"start":{"line":11,"column":43},"end":{"line":11,"column":60}}]},"1":{"loc":{"start":{"line":12,"column":20},"end":{"line":12,"column":57}},"type":"binary-expr","locations":[{"start":{"line":12,"column":20},"end":{"line":12,"column":42}},{"start":{"line":12,"column":46},"end":{"line":12,"column":57}}]},"2":{"loc":{"start":{"line":23,"column":19},"end":{"line":23,"column":62}},"type":"binary-expr","locations":[{"start":{"line":23,"column":19},"end":{"line":23,"column":41}},{"start":{"line":23,"column":45},"end":{"line":23,"column":62}}]}},"s":{"0":1,"1":1,"2":23,"3":23,"4":23,"5":1,"6":1,"7":0,"8":0,"9":0,"10":0,"11":0,"12":0,"13":1},"f":{"0":23,"1":0},"b":{"0":[23,23],"1":[23,23],"2":[0,0]}}
,"/Users/mayanksoni/Projects/gkmart/website/backend/src/lib/password.ts": {"path":"/Users/mayanksoni/Projects/gkmart/website/backend/src/lib/password.ts","statementMap":{"0":{"start":{"line":1,"column":0},"end":{"line":1,"column":32}},"1":{"start":{"line":3,"column":20},"end":{"line":3,"column":22}},"2":{"start":{"line":5,"column":21},"end":{"line":7,"column":1}},"3":{"start":{"line":6,"column":2},"end":{"line":6,"column":52}},"4":{"start":{"line":13,"column":9},"end":{"line":13,"column":21}},"5":{"start":{"line":9,"column":24},"end":{"line":11,"column":1}},"6":{"start":{"line":10,"column":2},"end":{"line":10,"column":58}},"7":{"start":{"line":13,"column":23},"end":{"line":13,"column":38}}},"fnMap":{"0":{"name":"(anonymous_1)","decl":{"start":{"line":5,"column":21},"end":{"line":5,"column":26}},"loc":{"start":{"line":5,"column":65},"end":{"line":7,"column":1}}},"1":{"name":"(anonymous_2)","decl":{"start":{"line":9,"column":24},"end":{"line":9,"column":29}},"loc":{"start":{"line":9,"column":93},"end":{"line":11,"column":1}}}},"branchMap":{},"s":{"0":1,"1":1,"2":1,"3":16,"4":1,"5":1,"6":9,"7":1},"f":{"0":16,"1":9},"b":{}}
,"/Users/mayanksoni/Projects/gkmart/website/backend/src/middleware/errorHandler.ts": {"path":"/Users/mayanksoni/Projects/gkmart/website/backend/src/middleware/errorHandler.ts","statementMap":{"0":{"start":{"line":7,"column":21},"end":{"line":54,"column":1}},"1":{"start":{"line":8,"column":17},"end":{"line":8,"column":34}},"2":{"start":{"line":9,"column":18},"end":{"line":9,"column":56}},"3":{"start":{"line":12,"column":2},"end":{"line":18,"column":3}},"4":{"start":{"line":13,"column":4},"end":{"line":16,"column":7}},"5":{"start":{"line":17,"column":4},"end":{"line":17,"column":11}},"6":{"start":{"line":20,"column":2},"end":{"line":26,"column":3}},"7":{"start":{"line":21,"column":4},"end":{"line":24,"column":7}},"8":{"start":{"line":25,"column":4},"end":{"line":25,"column":11}},"9":{"start":{"line":29,"column":2},"end":{"line":36,"column":3}},"10":{"start":{"line":30,"column":18},"end":{"line":30,"column":57}},"11":{"start":{"line":31,"column":4},"end":{"line":34,"column":7}},"12":{"start":{"line":35,"column":4},"end":{"line":35,"column":11}},"13":{"start":{"line":39,"column":2},"end":{"line":47,"column":3}},"14":{"start":{"line":40,"column":21},"end":{"line":40,"column":82}},"15":{"start":{"line":40,"column":72},"end":{"line":40,"column":81}},"16":{"start":{"line":41,"column":4},"end":{"line":45,"column":7}},"17":{"start":{"line":46,"column":4},"end":{"line":46,"column":11}},"18":{"start":{"line":50,"column":2},"end":{"line":53,"column":5}},"19":{"start":{"line":56,"column":0},"end":{"line":56,"column":28}}},"fnMap":{"0":{"name":"(anonymous_0)","decl":{"start":{"line":7,"column":21},"end":{"line":7,"column":22}},"loc":{"start":{"line":7,"column":97},"end":{"line":54,"column":1}}},"1":{"name":"(anonymous_1)","decl":{"start":{"line":40,"column":60},"end":{"line":40,"column":61}},"loc":{"start":{"line":40,"column":72},"end":{"line":40,"column":81}}}},"branchMap":{"0":{"loc":{"start":{"line":8,"column":17},"end":{"line":8,"column":34}},"type":"binary-expr","locations":[{"start":{"line":8,"column":17},"end":{"line":8,"column":27}},{"start":{"line":8,"column":31},"end":{"line":8,"column":34}}]},"1":{"loc":{"start":{"line":9,"column":18},"end":{"line":9,"column":56}},"type":"binary-expr","locations":[{"start":{"line":9,"column":18},"end":{"line":9,"column":29}},{"start":{"line":9,"column":33},"end":{"line":9,"column":56}}]},"2":{"loc":{"start":{"line":12,"column":2},"end":{"line":18,"column":3}},"type":"if","locations":[{"start":{"line":12,"column":2},"end":{"line":18,"column":3}}]},"3":{"loc":{"start":{"line":12,"column":6},"end":{"line":12,"column":113}},"type":"binary-expr","locations":[{"start":{"line":12,"column":6},"end":{"line":12,"column":54}},{"start":{"line":12,"column":58},"end":{"line":12,"column":113}}]},"4":{"loc":{"start":{"line":20,"column":2},"end":{"line":26,"column":3}},"type":"if","locations":[{"start":{"line":20,"column":2},"end":{"line":26,"column":3}}]},"5":{"loc":{"start":{"line":29,"column":2},"end":{"line":36,"column":3}},"type":"if","locations":[{"start":{"line":29,"column":2},"end":{"line":36,"column":3}}]},"6":{"loc":{"start":{"line":29,"column":6},"end":{"line":29,"column":76}},"type":"binary-expr","locations":[{"start":{"line":29,"column":6},"end":{"line":29,"column":37}},{"start":{"line":29,"column":41},"end":{"line":29,"column":54}},{"start":{"line":29,"column":58},"end":{"line":29,"column":76}}]},"7":{"loc":{"start":{"line":39,"column":2},"end":{"line":47,"column":3}},"type":"if","locations":[{"start":{"line":39,"column":2},"end":{"line":47,"column":3}}]}},"s":{"0":1,"1":6,"2":6,"3":6,"4":2,"5":2,"6":4,"7":4,"8":4,"9":0,"10":0,"11":0,"12":0,"13":0,"14":0,"15":0,"16":0,"17":0,"18":0,"19":1},"f":{"0":6,"1":0},"b":{"0":[6,6],"1":[6,0],"2":[2],"3":[6,5],"4":[4],"5":[0],"6":[0,0,0],"7":[0]}}
,"/Users/mayanksoni/Projects/gkmart/website/backend/src/models/User.ts": {"path":"/Users/mayanksoni/Projects/gkmart/website/backend/src/models/User.ts","statementMap":{"0":{"start":{"line":1,"column":0},"end":{"line":1,"column":51}},"1":{"start":{"line":12,"column":19},"end":{"line":41,"column":null}},"2":{"start":{"line":44,"column":13},"end":{"line":44,"column":45}},"3":{"start":{"line":46,"column":0},"end":{"line":46,"column":20}}},"fnMap":{},"branchMap":{},"s":{"0":1,"1":1,"2":1,"3":1},"f":{},"b":{}}
,"/Users/mayanksoni/Projects/gkmart/website/backend/src/repositories/UserRepository.ts": {"path":"/Users/mayanksoni/Projects/gkmart/website/backend/src/repositories/UserRepository.ts","statementMap":{"0":{"start":{"line":1,"column":0},"end":{"line":1,"column":48}},"1":{"start":{"line":5,"column":17},"end":{"line":5,"column":35}},"2":{"start":{"line":6,"column":4},"end":{"line":6,"column":29}},"3":{"start":{"line":10,"column":4},"end":{"line":10,"column":62}},"4":{"start":{"line":14,"column":4},"end":{"line":14,"column":42}},"5":{"start":{"line":18,"column":4},"end":{"line":18,"column":35}},"6":{"start":{"line":22,"column":4},"end":{"line":24,"column":7}},"7":{"start":{"line":28,"column":4},"end":{"line":28,"column":55}},"8":{"start":{"line":32,"column":4},"end":{"line":32,"column":82}},"9":{"start":{"line":36,"column":4},"end":{"line":36,"column":62}},"10":{"start":{"line":40,"column":4},"end":{"line":43,"column":7}},"11":{"start":{"line":47,"column":19},"end":{"line":47,"column":51}},"12":{"start":{"line":48,"column":4},"end":{"line":48,"column":27}},"13":{"start":{"line":52,"column":0},"end":{"line":52,"column":36}}},"fnMap":{"0":{"name":"(anonymous_1)","decl":{"start":{"line":4,"column":2},"end":{"line":4,"column":7}},"loc":{"start":{"line":4,"column":43},"end":{"line":7,"column":3}}},"1":{"name":"(anonymous_2)","decl":{"start":{"line":9,"column":2},"end":{"line":9,"column":7}},"loc":{"start":{"line":9,"column":33},"end":{"line":11,"column":3}}},"2":{"name":"(anonymous_3)","decl":{"start":{"line":13,"column":2},"end":{"line":13,"column":7}},"loc":{"start":{"line":13,"column":35},"end":{"line":15,"column":3}}},"3":{"name":"(anonymous_4)","decl":{"start":{"line":17,"column":2},"end":{"line":17,"column":7}},"loc":{"start":{"line":17,"column":27},"end":{"line":19,"column":3}}},"4":{"name":"(anonymous_5)","decl":{"start":{"line":21,"column":2},"end":{"line":21,"column":7}},"loc":{"start":{"line":21,"column":46},"end":{"line":25,"column":3}}},"5":{"name":"(anonymous_6)","decl":{"start":{"line":27,"column":2},"end":{"line":27,"column":7}},"loc":{"start":{"line":27,"column":39},"end":{"line":29,"column":3}}},"6":{"name":"(anonymous_7)","decl":{"start":{"line":31,"column":2},"end":{"line":31,"column":7}},"loc":{"start":{"line":31,"column":45},"end":{"line":33,"column":3}}},"7":{"name":"(anonymous_8)","decl":{"start":{"line":35,"column":2},"end":{"line":35,"column":7}},"loc":{"start":{"line":35,"column":47},"end":{"line":37,"column":3}}},"8":{"name":"(anonymous_9)","decl":{"start":{"line":39,"column":2},"end":{"line":39,"column":7}},"loc":{"start":{"line":39,"column":57},"end":{"line":44,"column":3}}},"9":{"name":"(anonymous_10)","decl":{"start":{"line":46,"column":2},"end":{"line":46,"column":7}},"loc":{"start":{"line":46,"column":29},"end":{"line":49,"column":3}}}},"branchMap":{},"s":{"0":1,"1":16,"2":16,"3":18,"4":17,"5":0,"6":0,"7":0,"8":11,"9":4,"10":0,"11":0,"12":0,"13":1},"f":{"0":16,"1":18,"2":17,"3":0,"4":0,"5":0,"6":11,"7":4,"8":0,"9":0},"b":{}}
,"/Users/mayanksoni/Projects/gkmart/website/backend/src/routes/auth.ts": {"path":"/Users/mayanksoni/Projects/gkmart/website/backend/src/routes/auth.ts","statementMap":{"0":{"start":{"line":1,"column":0},"end":{"line":1,"column":33}},"1":{"start":{"line":2,"column":0},"end":{"line":2,"column":62}},"2":{"start":{"line":4,"column":19},"end":{"line":4,"column":27}},"3":{"start":{"line":7,"column":0},"end":{"line":7,"column":86}},"4":{"start":{"line":7,"column":47},"end":{"line":7,"column":84}},"5":{"start":{"line":8,"column":0},"end":{"line":8,"column":84}},"6":{"start":{"line":8,"column":46},"end":{"line":8,"column":82}},"7":{"start":{"line":10,"column":0},"end":{"line":10,"column":26}}},"fnMap":{"0":{"name":"(anonymous_1)","decl":{"start":{"line":7,"column":27},"end":{"line":7,"column":28}},"loc":{"start":{"line":7,"column":47},"end":{"line":7,"column":84}}},"1":{"name":"(anonymous_2)","decl":{"start":{"line":8,"column":26},"end":{"line":8,"column":27}},"loc":{"start":{"line":8,"column":46},"end":{"line":8,"column":82}}}},"branchMap":{},"s":{"0":1,"1":1,"2":1,"3":1,"4":23,"5":1,"6":13,"7":1},"f":{"0":23,"1":13},"b":{}}
,"/Users/mayanksoni/Projects/gkmart/website/backend/src/services/AuthService.ts": {"path":"/Users/mayanksoni/Projects/gkmart/website/backend/src/services/AuthService.ts","statementMap":{"0":{"start":{"line":1,"column":0},"end":{"line":1,"column":63}},"1":{"start":{"line":2,"column":0},"end":{"line":2,"column":67}},"2":{"start":{"line":3,"column":0},"end":{"line":3,"column":46}},"3":{"start":{"line":31,"column":26},"end":{"line":31,"column":70}},"4":{"start":{"line":32,"column":4},"end":{"line":34,"column":5}},"5":{"start":{"line":33,"column":6},"end":{"line":33,"column":50}},"6":{"start":{"line":37,"column":27},"end":{"line":37,"column":73}},"7":{"start":{"line":38,"column":4},"end":{"line":40,"column":5}},"8":{"start":{"line":39,"column":6},"end":{"line":39,"column":57}},"9":{"start":{"line":43,"column":27},"end":{"line":43,"column":60}},"10":{"start":{"line":46,"column":17},"end":{"line":51,"column":6}},"11":{"start":{"line":54,"column":18},"end":{"line":54,"column":64}},"12":{"start":{"line":57,"column":4},"end":{"line":65,"column":6}},"13":{"start":{"line":69,"column":37},"end":{"line":69,"column":41}},"14":{"start":{"line":72,"column":15},"end":{"line":72,"column":71}},"15":{"start":{"line":73,"column":4},"end":{"line":75,"column":5}},"16":{"start":{"line":74,"column":6},"end":{"line":74,"column":71}},"17":{"start":{"line":77,"column":4},"end":{"line":79,"column":5}},"18":{"start":{"line":78,"column":6},"end":{"line":78,"column":58}},"19":{"start":{"line":82,"column":28},"end":{"line":82,"column":74}},"20":{"start":{"line":83,"column":4},"end":{"line":85,"column":5}},"21":{"start":{"line":84,"column":6},"end":{"line":84,"column":58}},"22":{"start":{"line":88,"column":18},"end":{"line":88,"column":64}},"23":{"start":{"line":91,"column":4},"end":{"line":99,"column":6}},"24":{"start":{"line":103,"column":0},"end":{"line":103,"column":33}}},"fnMap":{"0":{"name":"(anonymous_1)","decl":{"start":{"line":29,"column":2},"end":{"line":29,"column":7}},"loc":{"start":{"line":29,"column":31},"end":{"line":66,"column":3}}},"1":{"name":"(anonymous_2)","decl":{"start":{"line":68,"column":2},"end":{"line":68,"column":7}},"loc":{"start":{"line":68,"column":29},"end":{"line":100,"column":3}}}},"branchMap":{"0":{"loc":{"start":{"line":32,"column":4},"end":{"line":34,"column":5}},"type":"if","locations":[{"start":{"line":32,"column":4},"end":{"line":34,"column":5}}]},"1":{"loc":{"start":{"line":38,"column":4},"end":{"line":40,"column":5}},"type":"if","locations":[{"start":{"line":38,"column":4},"end":{"line":40,"column":5}}]},"2":{"loc":{"start":{"line":73,"column":4},"end":{"line":75,"column":5}},"type":"if","locations":[{"start":{"line":73,"column":4},"end":{"line":75,"column":5}}]},"3":{"loc":{"start":{"line":77,"column":4},"end":{"line":79,"column":5}},"type":"if","locations":[{"start":{"line":77,"column":4},"end":{"line":79,"column":5}}]},"4":{"loc":{"start":{"line":83,"column":4},"end":{"line":85,"column":5}},"type":"if","locations":[{"start":{"line":83,"column":4},"end":{"line":85,"column":5}}]}},"s":{"0":1,"1":1,"2":1,"3":18,"4":18,"5":1,"6":17,"7":17,"8":1,"9":16,"10":16,"11":16,"12":16,"13":11,"14":11,"15":11,"16":4,"17":11,"18":2,"19":9,"20":9,"21":2,"22":7,"23":7,"24":1},"f":{"0":18,"1":11},"b":{"0":[1],"1":[1],"2":[4],"3":[2],"4":[2]}}
,"/Users/mayanksoni/Projects/gkmart/website/backend/src/validators/auth.ts": {"path":"/Users/mayanksoni/Projects/gkmart/website/backend/src/validators/auth.ts","statementMap":{"0":{"start":{"line":1,"column":0},"end":{"line":1,"column":22}},"1":{"start":{"line":3,"column":21},"end":{"line":38,"column":2}},"2":{"start":{"line":40,"column":20},"end":{"line":51,"column":2}},"3":{"start":{"line":53,"column":23},"end":{"line":55,"column":1}},"4":{"start":{"line":54,"column":2},"end":{"line":54,"column":60}},"5":{"start":{"line":61,"column":9},"end":{"line":61,"column":23}},"6":{"start":{"line":57,"column":22},"end":{"line":59,"column":1}},"7":{"start":{"line":58,"column":2},"end":{"line":58,"column":59}},"8":{"start":{"line":61,"column":25},"end":{"line":61,"column":38}}},"fnMap":{"0":{"name":"(anonymous_1)","decl":{"start":{"line":53,"column":23},"end":{"line":53,"column":24}},"loc":{"start":{"line":53,"column":37},"end":{"line":55,"column":1}}},"1":{"name":"(anonymous_2)","decl":{"start":{"line":57,"column":22},"end":{"line":57,"column":23}},"loc":{"start":{"line":57,"column":36},"end":{"line":59,"column":1}}}},"branchMap":{},"s":{"0":1,"1":1,"2":1,"3":1,"4":23,"5":1,"6":1,"7":13,"8":1},"f":{"0":23,"1":13},"b":{}}
}
