TN:
SF:src/controllers/AuthController.ts
FN:11,(anonymous_1)
FN:16,(anonymous_2)
FN:38,(anonymous_3)
FN:43,(anonymous_4)
FNF:4
FNH:4
FNDA:23,(anonymous_1)
FNDA:6,(anonymous_2)
FNDA:13,(anonymous_3)
FNDA:2,(anonymous_4)
DA:2,1
DA:3,1
DA:12,23
DA:14,23
DA:15,23
DA:16,6
DA:17,5
DA:22,5
DA:26,18
DA:28,16
DA:34,2
DA:39,13
DA:41,13
DA:42,13
DA:43,2
DA:44,2
DA:49,2
DA:53,11
DA:55,7
DA:61,4
DA:66,1
LF:21
LH:21
BRDA:15,0,0,5
BRDA:42,1,0,2
BRF:2
BRH:2
end_of_record
TN:
SF:src/lib/jwt.ts
FN:10,(anonymous_1)
FN:21,(anonymous_2)
FNF:2
FNH:1
FNDA:23,(anonymous_1)
FNDA:0,(anonymous_2)
DA:1,1
DA:10,1
DA:11,23
DA:12,23
DA:14,23
DA:21,1
DA:22,0
DA:23,0
DA:24,0
DA:25,0
DA:27,0
DA:28,0
DA:32,1
LF:13
LH:7
BRDA:11,0,0,23
BRDA:11,0,1,23
BRDA:12,1,0,23
BRDA:12,1,1,23
BRDA:23,2,0,0
BRDA:23,2,1,0
BRF:6
BRH:4
end_of_record
TN:
SF:src/lib/password.ts
FN:5,(anonymous_1)
FN:9,(anonymous_2)
FNF:2
FNH:2
FNDA:16,(anonymous_1)
FNDA:9,(anonymous_2)
DA:1,1
DA:3,1
DA:5,1
DA:6,16
DA:9,1
DA:10,9
DA:13,1
LF:7
LH:7
BRF:0
BRH:0
end_of_record
TN:
SF:src/middleware/errorHandler.ts
FN:7,(anonymous_0)
FN:40,(anonymous_1)
FNF:2
FNH:1
FNDA:6,(anonymous_0)
FNDA:0,(anonymous_1)
DA:7,1
DA:8,6
DA:9,6
DA:12,6
DA:13,2
DA:17,2
DA:20,4
DA:21,4
DA:25,4
DA:29,0
DA:30,0
DA:31,0
DA:35,0
DA:39,0
DA:40,0
DA:41,0
DA:46,0
DA:50,0
DA:56,1
LF:19
LH:10
BRDA:8,0,0,6
BRDA:8,0,1,6
BRDA:9,1,0,6
BRDA:9,1,1,0
BRDA:12,2,0,2
BRDA:12,3,0,6
BRDA:12,3,1,5
BRDA:20,4,0,4
BRDA:29,5,0,0
BRDA:29,6,0,0
BRDA:29,6,1,0
BRDA:29,6,2,0
BRDA:39,7,0,0
BRF:13
BRH:7
end_of_record
TN:
SF:src/models/User.ts
FNF:0
FNH:0
DA:1,1
DA:12,1
DA:44,1
DA:46,1
LF:4
LH:4
BRF:0
BRH:0
end_of_record
TN:
SF:src/repositories/UserRepository.ts
FN:4,(anonymous_1)
FN:9,(anonymous_2)
FN:13,(anonymous_3)
FN:17,(anonymous_4)
FN:21,(anonymous_5)
FN:27,(anonymous_6)
FN:31,(anonymous_7)
FN:35,(anonymous_8)
FN:39,(anonymous_9)
FN:46,(anonymous_10)
FNF:10
FNH:5
FNDA:16,(anonymous_1)
FNDA:18,(anonymous_2)
FNDA:17,(anonymous_3)
FNDA:0,(anonymous_4)
FNDA:0,(anonymous_5)
FNDA:0,(anonymous_6)
FNDA:11,(anonymous_7)
FNDA:4,(anonymous_8)
FNDA:0,(anonymous_9)
FNDA:0,(anonymous_10)
DA:1,1
DA:5,16
DA:6,16
DA:10,18
DA:14,17
DA:18,0
DA:22,0
DA:28,0
DA:32,11
DA:36,4
DA:40,0
DA:47,0
DA:48,0
DA:52,1
LF:14
LH:8
BRF:0
BRH:0
end_of_record
TN:
SF:src/routes/auth.ts
FN:7,(anonymous_1)
FN:8,(anonymous_2)
FNF:2
FNH:2
FNDA:23,(anonymous_1)
FNDA:13,(anonymous_2)
DA:1,1
DA:2,1
DA:4,1
DA:7,23
DA:8,13
DA:10,1
LF:6
LH:6
BRF:0
BRH:0
end_of_record
TN:
SF:src/services/AuthService.ts
FN:29,(anonymous_1)
FN:68,(anonymous_2)
FNF:2
FNH:2
FNDA:18,(anonymous_1)
FNDA:11,(anonymous_2)
DA:1,1
DA:2,1
DA:3,1
DA:31,18
DA:32,18
DA:33,1
DA:37,17
DA:38,17
DA:39,1
DA:43,16
DA:46,16
DA:54,16
DA:57,16
DA:69,11
DA:72,11
DA:73,11
DA:74,4
DA:77,11
DA:78,2
DA:82,9
DA:83,9
DA:84,2
DA:88,7
DA:91,7
DA:103,1
LF:25
LH:25
BRDA:32,0,0,1
BRDA:38,1,0,1
BRDA:73,2,0,4
BRDA:77,3,0,2
BRDA:83,4,0,2
BRF:5
BRH:5
end_of_record
TN:
SF:src/validators/auth.ts
FN:53,(anonymous_1)
FN:57,(anonymous_2)
FNF:2
FNH:2
FNDA:23,(anonymous_1)
FNDA:13,(anonymous_2)
DA:1,1
DA:3,1
DA:40,1
DA:53,1
DA:54,23
DA:57,1
DA:58,13
DA:61,1
LF:8
LH:8
BRF:0
BRH:0
end_of_record
